[go2_sim] WARNING: Could not auto-detect isaacsim.ros2.bridge lib directory.
           Set ISAAC_ROS_LIB to the '.../isaacsim/ros2/bridge/humble/lib' path if ROS topics fail.
[go2_sim] Starting Isaac Sim (env: env_isaaclab_py311, headless=1)
Loading user config located at: '/conda/envs/env_isaaclab_py311/lib/python3.11/site-packages/isaacsim/kit/data/Kit/Isaac-Sim/5.1/user.config.json'
[Info] [carb] Logging to file: /conda/envs/env_isaaclab_py311/lib/python3.11/site-packages/isaacsim/kit/logs/Kit/Isaac-Sim/5.1/kit_20251216_225317.log
[0.117s] [ext: omni.kit.async_engine-0.0.3] startup
[0.377s] [ext: omni.metrics.core-0.0.3] startup
[0.378s] [ext: omni.client.lib-1.1.0] startup
[0.397s] [ext: omni.blobkey-1.1.2] startup
[0.398s] [ext: omni.stats-1.0.1] startup
[0.399s] [ext: omni.datastore-0.0.0] startup
[0.408s] [ext: omni.client-1.3.0] startup
[0.416s] [ext: omni.ujitso.default-1.0.0] startup
[0.420s] [ext: omni.hsscclient-1.1.2] startup
[0.429s] [ext: omni.gpu_foundation.shadercache.vulkan-1.0.0] startup
[0.433s] [ext: omni.assets.plugins-0.0.0] startup
[0.435s] [ext: omni.gpu_foundation-0.0.0] startup
[0.452s] [ext: carb.windowing.plugins-1.0.0] startup
[0.465s] [ext: omni.kit.renderer.init-0.0.0] startup

|---------------------------------------------------------------------------------------------|
| Driver Version: 570.195.03    | Graphics API: Vulkan
|=============================================================================================|
| GPU | Name                             | Active | LDA | GPU Memory | Vendor-ID | LUID       |
|     |                                  |        |     |            | Device-ID | UUID       |
|     |                                  |        |     |            | Bus-ID    |            |
|---------------------------------------------------------------------------------------------|
| 0   | NVIDIA GeForce RTX 3090          | Yes: 0 |     | 24822   MB | 10de      | 0          |
|     |                                  |        |     |            | 2204      | 7cabb51d.. |
|     |                                  |        |     |            | a         |            |
|---------------------------------------------------------------------------------------------|
| 1   | NVIDIA GeForce RTX 2080 SUPER    | Yes: 1 |     | 8438    MB | 10de      | 0          |
|     |                                  |        |     |            | 1e81      | 86dd6bf7.. |
|     |                                  |        |     |            | 41        |            |
|=============================================================================================|
| OS: 22.04.5 LTS (Jammy Jellyfish) ubuntu, Version: 22.04.5, Kernel: 6.8.0-87-generic
| XServer Vendor: Cendio ThinLinc, XServer Version: 12013000
| Processor: AMD Ryzen Threadripper 2920X 12-Core Processor
| Cores: 12 | Logical Cores: 24
|---------------------------------------------------------------------------------------------|
| Total Memory (MB): 128642 | Free Memory: 50908
| Total Page/Swap (MB): 2047 | Free Page/Swap: 1804
|---------------------------------------------------------------------------------------------|
2025-12-16T21:53:19Z [2,135ms] [Warning] [gpu.foundation.plugin] IOMMU is enabled.
2025-12-16T21:53:19Z [2,135ms] [Warning] [gpu.foundation.plugin] Detected IOMMU is enabled. Running CUDA peer-to-peer bandwidth and latency validation.
Unidirectional P2P=Enabled Bandwidth (P2P Writes) Matrix (GB/s)
   D\D     0      1 
     0 832.45   3.09 
     1   3.17 410.17 
P2P=Enabled Latency (P2P Writes) Matrix (us)
   GPU     0      1 
     0   1.61  18.42 
     1  13.65   1.29 

   CPU     0      1 
     0   2.84   8.14 
     1   7.82   2.83 
2025-12-16T21:53:20Z [2,686ms] [Warning] [gpu.foundation.plugin] CUDA peer-to-peer observed bandwidth: 3.1 GB/s.
2025-12-16T21:53:20Z [2,687ms] [Warning] [gpu.foundation.plugin] CUDA peer-to-peer observed latency: 18.4 us.
2025-12-16T21:53:20Z [2,687ms] [Warning] [gpu.foundation.plugin] Please verify if observed bandwidth and latency are expected.
[3.352s] [ext: omni.materialx.libs-1.0.7] startup
[3.364s] [ext: omni.kit.telemetry-0.5.2] startup
[3.457s] [ext: omni.usd.config-1.0.6] startup
[3.465s] [ext: omni.gpucompute.plugins-0.0.0] startup
[3.467s] [ext: omni.usd.libs-1.0.1] startup
[3.632s] [ext: omni.mdl-56.0.3] startup
[3.668s] [ext: omni.iray.libs-0.0.0] startup
[3.678s] [ext: omni.mdl.neuraylib-0.2.12] startup
[3.682s] [ext: omni.kit.usd.mdl-1.1.5] startup
[3.821s] [ext: omni.kit.pipapi-0.0.0] startup
[3.822s] [ext: omni.kit.loop-isaac-1.3.7] startup
[3.824s] [ext: omni.kit.test-2.0.1] startup
[3.900s] [ext: omni.appwindow-1.1.10] startup
[3.903s] [ext: omni.kit.renderer.core-1.1.0] startup
[3.957s] [ext: omni.kit.renderer.capture-0.0.0] startup
[3.978s] [ext: omni.kit.renderer.imgui-2.0.5] startup
[4.087s] [ext: omni.ui-2.27.1] startup
[4.105s] [ext: omni.kit.mainwindow-1.0.3] startup
[4.107s] [ext: carb.audio-0.1.0] startup
[4.118s] [ext: omni.uiaudio-1.0.0] startup
[4.121s] [ext: omni.kit.uiapp-0.0.0] startup
[4.121s] [ext: omni.usd.schema.metrics.assembler-107.3.1] startup
[4.126s] [ext: omni.usd.schema.geospatial-0.0.0] startup
[4.131s] [ext: omni.usd.schema.anim-0.0.0] startup
[4.169s] [ext: omni.usd.schema.omnigraph-1.0.0] startup
[4.179s] [ext: omni.usd.schema.physx-107.3.26] startup
[4.226s] [ext: omni.usd.schema.semantics-0.0.0] startup
[4.230s] [ext: omni.usd.schema.audio-0.0.0] startup
[4.234s] [ext: omni.usd.schema.omniscripting-1.0.0] startup
[4.240s] [ext: isaacsim.robot.schema-3.6.0] startup
[4.253s] [ext: omni.usd_resolver-1.0.0] startup
[4.260s] [ext: omni.usd.core-1.5.3] startup
[4.265s] [ext: omni.usd.schema.omni_sensors-0.0.0] startup
[4.291s] [ext: omni.usd.schema.render_settings.rtx-0.0.0] startup
[4.293s] [ext: omni.kit.window.popup_dialog-2.0.24] startup
[4.299s] [ext: omni.graph.exec-0.9.6] startup
[4.300s] [ext: omni.kit.widget.nucleus_connector-2.0.1] startup
[4.303s] [ext: omni.kit.usd_undo-0.1.8] startup
[4.304s] [ext: omni.kit.exec.core-0.13.4] startup
[4.308s] [ext: omni.kit.actions.core-1.0.0] startup
[4.312s] [ext: omni.resourcemonitor-107.0.1] startup
[4.316s] [ext: omni.activity.core-1.0.3] startup
[4.318s] [ext: omni.timeline-1.0.14] startup
[4.321s] [ext: omni.kit.commands-1.4.10] startup
[4.328s] [ext: usdrt.scenegraph-7.6.1] startup
[4.387s] [ext: omni.kit.audiodeviceenum-1.0.2] startup
[4.390s] [ext: omni.hydra.usdrt_delegate-7.5.1] startup
[4.403s] [ext: omni.hydra.scene_delegate-0.3.4] startup
[4.411s] [ext: omni.usd-1.13.10] startup
[4.458s] [ext: omni.kit.asset_converter-5.0.17] startup
[4.487s] [ext: omni.usd.schema.omni_lens_distortion-0.0.0] startup
[4.488s] [ext: omni.index.libs-380600.8087.0] startup
[4.489s] [ext: omni.volume-0.5.2] startup
[4.498s] [ext: omni.ujitso.client-0.0.0] startup
[4.500s] [ext: omni.index-1.0.1] startup
[4.502s] [ext: omni.hydra.rtx.shadercache.vulkan-1.0.0] startup
[4.507s] [ext: omni.hydra.rtx-1.0.0] startup
2025-12-16T21:53:22Z [4,506ms] [Warning] [omni.log] Source: omni.hydra was already registered.
[4.578s] [ext: omni.kit.notification_manager-1.0.10] startup
[4.580s] [ext: omni.kit.clipboard-1.0.5] startup
[4.582s] [ext: omni.kit.viewport.legacy_gizmos-1.0.19] startup
[4.586s] [ext: omni.kit.raycast.query-1.1.0] startup
[4.596s] [ext: omni.kit.menu.core-1.1.2] startup
[4.597s] [ext: omni.kit.widget.options_menu-1.1.6] startup
[4.601s] [ext: omni.kit.helper.file_utils-0.1.9] startup
[4.603s] [ext: omni.kit.widget.path_field-2.0.11] startup
[4.604s] [ext: omni.kit.widget.context_menu-1.2.5] startup
[4.606s] [ext: omni.kit.widget.options_button-1.0.3] startup
[4.607s] [ext: omni.kit.widget.filebrowser-2.12.3] startup
[4.613s] [ext: omni.kit.widget.browser_bar-2.0.10] startup
[4.614s] [ext: omni.kit.usd.layers-2.2.11] startup
[4.628s] [ext: omni.ui.scene-1.11.5] startup
[4.636s] [ext: omni.kit.viewport.registry-104.0.6] startup
[4.636s] [ext: omni.kit.window.filepicker-2.13.4] startup
[4.660s] [ext: omni.kit.menu.utils-2.0.5] startup
[4.670s] [ext: omni.kit.context_menu-1.8.6] startup
[4.673s] [ext: omni.kit.viewport.scene_camera_model-1.0.6] startup
[4.681s] [ext: omni.kit.hydra_texture-1.4.6] startup
[4.687s] [ext: omni.kit.window.file_importer-1.1.18] startup
[4.691s] [ext: omni.kit.widget.searchable_combobox-1.0.6] startup
[4.693s] [ext: omni.kit.window.drop_support-1.0.5] startup
[4.694s] [ext: omni.kit.widget.viewport-107.1.3] startup
[4.700s] [ext: omni.kit.material.library-2.0.7] startup
[4.708s] [ext: omni.hydra.engine.stats-1.0.3] startup
[4.712s] [ext: omni.kit.widget.settings-1.2.6] startup
[4.715s] [ext: omni.kit.viewport.window-107.2.0] startup
[4.740s] [ext: omni.kit.window.preferences-1.8.0] startup
[4.747s] [ext: omni.kit.widget.toolbar-2.0.1] startup
[4.756s] [ext: omni.kit.viewport.utility-1.1.2] startup
[4.757s] [ext: omni.kit.manipulator.transform-107.0.0] startup
[4.763s] [ext: omni.kit.manipulator.tool.snap-1.5.13] startup
[4.770s] [ext: omni.kit.manipulator.selector-1.1.3] startup
[4.772s] [ext: omni.kit.property.adapter.core-1.0.2] startup
[4.776s] [ext: omni.kit.viewport.manipulator.transform-107.0.4] startup
[4.780s] [ext: omni.kit.manipulator.viewport-107.0.1] startup
[4.781s] [ext: omni.kit.property.adapter.fabric-1.0.3] startup
[4.783s] [ext: omni.kit.manipulator.prim.core-107.0.8] startup
[4.793s] [ext: omni.kit.primitive.mesh-1.0.17] startup
[4.798s] [ext: omni.kit.widget.filter-1.1.4] startup
[4.799s] [ext: omni.kit.hotkeys.core-1.3.10] startup
[4.802s] [ext: omni.kit.manipulator.prim.usd-107.0.3] startup
[4.804s] [ext: omni.fabric.commands-1.1.6] startup
[4.810s] [ext: omni.kit.window.file_exporter-1.0.33] startup
[4.811s] [ext: omni.kit.widget.searchfield-1.1.8] startup
[4.813s] [ext: omni.kit.manipulator.prim.fabric-107.0.4] startup
[4.816s] [ext: omni.debugdraw-0.1.4] startup
[4.823s] [ext: omni.kit.widget.stage-3.1.4] startup
[4.839s] [ext: omni.kit.property.adapter.usd-1.0.2] startup
[4.840s] [ext: omni.kit.manipulator.prim-107.0.0] startup
[4.840s] [ext: omni.kvdb-107.3.26] startup
[4.844s] [ext: omni.convexdecomposition-107.3.26] startup
[4.848s] [ext: omni.physx.foundation-107.3.26] startup
[4.851s] [ext: omni.localcache-107.3.26] startup
[4.853s] [ext: omni.kit.window.content_browser_registry-0.0.6] startup
[4.854s] [ext: omni.kit.widget.highlight_label-1.0.3] startup
[4.855s] [ext: omni.kit.stage_template.core-1.1.22] startup
[4.856s] [ext: omni.usdphysics-107.3.26] startup
[4.860s] [ext: omni.kit.window.file-2.0.5] startup
[4.864s] [ext: omni.physx.cooking-107.3.26] startup
[4.871s] [ext: omni.physics-107.3.26] startup
[4.876s] [ext: omni.kit.window.property-1.12.1] startup
[4.880s] [ext: omni.kit.window.content_browser-3.1.3] startup
[4.897s] [ext: omni.physx-107.3.26] startup
[4.913s] [ext: omni.physics.stageupdate-107.3.26] startup
[4.917s] [ext: omni.kit.property.usd-4.5.12] startup
[4.936s] [ext: omni.kit.manipulator.selection-106.0.1] startup
[4.938s] [ext: omni.physics.physx-107.3.26] startup
2025-12-16T21:53:22Z [4,899ms] [Warning] [carb] Acquiring non optional plugin interface which is not listed as dependency: [omni::physx::IPhysxBenchmarks v1.0] (plugin: <default plugin>), by client: omni.physics.physx.plugin. Add it to CARB_PLUGIN_IMPL_DEPS() macro of a client.
[4.941s] [ext: omni.kit.widget.prompt-1.0.7] startup
[4.942s] [ext: omni.kit.viewport.menubar.core-107.2.1] startup
[4.963s] [ext: omni.kit.viewport.actions-107.0.2] startup
[4.970s] [ext: omni.inspect-1.0.2] startup
[4.973s] [ext: omni.kit.widget.layers-1.8.6] startup
[4.990s] [ext: omni.kit.viewport.menubar.display-107.0.3] startup
[4.993s] [ext: omni.usd.metrics.assembler-107.3.1] startup
[5.002s] [ext: omni.graph.core-2.184.5] startup
[5.007s] [ext: omni.kit.numpy.common-0.1.3] startup
[5.010s] [ext: omni.usdphysics.ui-107.3.26] startup
[5.046s] [ext: omni.physx.commands-107.3.26] startup
[5.052s] [ext: isaacsim.core.deprecation_manager-0.2.7] startup
[5.053s] [ext: omni.isaac.dynamic_control-2.0.7] startup
2025-12-16T21:53:22Z [5,021ms] [Warning] [omni.isaac.dynamic_control] omni.isaac.dynamic_control is deprecated as of Isaac Sim 4.5. No action is needed from end-users.
[5.064s] [ext: omni.physx.ui-107.3.26] startup
[5.118s] [ext: isaacsim.core.version-2.0.6] startup
[5.119s] [ext: omni.physics.tensors-107.3.26] startup
[5.126s] [ext: omni.warp.core-1.8.2] startup
[5.462s] [ext: omni.usd.metrics.assembler.physics-107.3.26] startup
[5.465s] [ext: isaacsim.storage.native-1.5.1] startup
[5.467s] [ext: omni.physx.tensors-107.3.26] startup
[5.476s] [ext: isaacsim.core.utils-3.5.1] startup
[5.481s] [ext: isaacsim.core.simulation_manager-1.4.4] startup
[5.835s] [ext: isaacsim.core.cloner-1.4.10] startup
[5.838s] [ext: isaacsim.core.prims-0.6.1] startup
[5.874s] [ext: omni.kit.stage_templates-2.0.0] startup
[5.877s] [ext: omni.kit.widget.zoombar-1.0.6] startup
[5.878s] [ext: omni.kit.widget.stage_icons-1.0.8] startup
[5.879s] [ext: omni.kit.browser.core-2.3.13] startup
[5.884s] [ext: omni.kit.window.stage-2.6.1] startup
[5.890s] [ext: omni.kit.usd.collect-2.4.5] startup
[5.893s] [ext: omni.graph.tools-1.79.2] startup
[5.925s] [ext: omni.kit.browser.folder.core-1.10.9] startup
[5.931s] [ext: omni.kit.menu.stage-1.2.7] startup
[5.933s] [ext: omni.kit.tool.collect-2.2.18] startup
[5.935s] [ext: omni.graph-1.141.2] startup
[5.993s] [ext: omni.graph.action_core-1.1.7] startup
[5.997s] [ext: omni.kit.widget.graph-2.0.0] startup
[6.006s] [ext: isaacsim.asset.browser-1.3.23] startup
[6.087s] [ext: omni.graph.visualization.nodes-2.1.3] startup
[6.105s] [ext: omni.graph.action_nodes-1.50.4] startup
[6.117s] [ext: omni.kit.graph.delegate.default-1.2.3] startup
[6.123s] [ext: omni.graph.image.core-0.6.1] startup
[6.125s] [ext: omni.kit.widget.text_editor-1.1.1] startup
[6.129s] [ext: omni.graph.action-1.130.0] startup
[6.134s] [ext: omni.kit.graph.editor.core-1.5.3] startup
[6.154s] [ext: omni.graph.image.nodes-1.3.1] startup
[6.156s] [ext: omni.kit.graph.usd.commands-1.3.1] startup
[6.160s] [ext: omni.kit.window.extensions-1.4.27] startup
[6.177s] [ext: omni.ui_query-1.1.8] startup
[6.179s] [ext: omni.kit.usdz_export-1.0.9] startup
[6.184s] [ext: omni.kit.widget.material_preview-1.0.16] startup
[6.189s] [ext: omni.graph.nodes-1.170.10] startup
[6.207s] [ext: omni.graph.ui_nodes-1.50.5] startup
[6.215s] [ext: omni.kit.ui_test-1.3.7] startup
[6.221s] [ext: omni.kit.tool.asset_importer-4.3.2] startup
[6.234s] [ext: omni.kit.window.material_graph-1.9.1] startup
[6.255s] [ext: omni.graph.scriptnode-1.50.0] startup
[6.259s] [ext: omni.warp-1.8.2] startup
[6.277s] [ext: omni.videoencoding-0.1.2] startup
[6.288s] [ext: omni.syntheticdata-0.6.13] startup
[6.383s] [ext: isaacsim.gui.components-1.2.1] startup
[6.396s] [ext: isaacsim.examples.browser-0.2.1] startup
[6.413s] [ext: isaacsim.asset.importer.urdf-2.4.30] startup
[6.676s] [ext: omni.replicator.core-1.12.27] startup
2025-12-16T21:53:24Z [6,681ms] [Warning] [pxr.Semantics] pxr.Semantics is deprecated - please use Semantics instead
2025-12-16T21:53:24Z [6,858ms] [Warning] [omni.graph.core.plugin] Found duplicate of category 'Replicator' - was 'Annotators', adding 'Fabric Reader'
2025-12-16T21:53:24Z [6,858ms] [Warning] [omni.graph.core.plugin] Category 'Replicator' not accepted on node type 'omni.replicator.core.FabricReader' in extension 'omni.replicator.core'
2025-12-16T21:53:24Z [6,859ms] [Warning] [omni.replicator.core.scripts.extension] No material configuration file, adding configuration to material settings directly.
[6.906s] [ext: isaacsim.core.api-4.8.0] startup
[6.939s] [ext: omni.kit.selection-0.1.6] startup
[6.946s] [ext: omni.kit.property.audio-1.0.16] startup
[6.949s] [ext: isaacsim.core.nodes-3.4.3] startup
[6.966s] [ext: isaacsim.gui.menu-2.4.4] startup
[7.000s] [ext: omni.hydra.scene_api-0.1.2] startup
[7.011s] [ext: omni.kit.property.geometry-2.0.4] startup
[7.030s] [ext: omni.kit.property.render-1.2.1] startup
[7.036s] [ext: omni.kit.property.transform-1.5.13] startup
[7.065s] [ext: omni.kit.property.material-1.11.9] startup
[7.125s] [ext: omni.kit.property.light-1.0.12] startup
[7.156s] [ext: omni.kit.property.camera-1.0.10] startup
[7.163s] [ext: semantics.schema.editor-2.0.2] startup
[7.198s] [ext: omni.kit.property.bundle-1.4.1] startup
[7.208s] [ext: isaacsim.robot.wheeled_robots-4.0.24] startup
[7.240s] [ext: omni.kit.menu.create-2.0.1] startup
[7.253s] [ext: isaacsim.core.experimental.utils-0.3.0] startup
[7.281s] [ext: isaacsim.test.docstring-1.1.0] startup
[7.305s] [ext: omni.kit.scripting-107.3.2] startup
[7.340s] [ext: omni.services.facilities.base-1.0.4] startup
[7.358s] [ext: isaacsim.core.experimental.prims-0.8.1]Warning: Possible version incompatibility. Attempting to load carb::cudainterop::CudaInterop with version v0.17 against v0.15.
 startup
[7.489s] [ext: isaacsim.replicator.behavior-1.1.16] startup
[7.498s] [ext: omni.services.core-1.9.0] startup
[9.031s] [ext: isaacsim.robot.surface_gripper-3.3.1] startup
[9.041s] [ext: omni.kit.livestream.core-7.5.0] startup
[9.058s] [ext: omni.kit.streamsdk.plugins-7.6.3] startup
[9.061s] [ext: isaacsim.robot.manipulators-3.3.6] startup
[9.076s] [ext: isaacsim.asset.importer.mjcf-2.5.13] startup
[9.093s] [ext: omni.services.transport.server.base-1.1.1] startup
[9.102s] [ext: isaacsim.util.debug_draw-3.1.0] startup
[9.113s] [ext: omni.kit.livestream.webrtc-7.0.0] startup

Active user not found. Using default user [kiosk]Streaming server started.
[14.976s] [ext: omni.sensors.nv.common-3.0.0] startup
[15.002s] [ext: omni.services.transport.server.http-1.3.1] startup
[15.035s] [ext: isaacsim.sensors.camera-1.3.6] startup
[15.046s] [ext: isaacsim.sensors.physx-2.3.2] startup
[15.058s] [ext: omni.sensors.net-1.0.0] startup
[15.065s] [ext: omni.sensors.nv.materials-2.0.0] startup
[15.079s] [ext: omni.services.livestream.nvcf-7.2.0] startup
[15.106s] [ext: omni.sensors.nv.wpm-3.0.0] startup
[15.112s] [ext: omni.kit.stagerecorder.core-107.0.3] startup
[15.118s] [ext: isaacsim.simulation_app-2.12.2] startup
[15.122s] [ext: omni.sensors.nv.ids-2.0.0] startup
[15.127s] [ext: omni.sensors.nv.lidar-3.0.0] startup
[15.140s] [ext: omni.sensors.nv.radar-3.0.0] startup
[15.150s] [ext: omni.kit.stagerecorder.ui-107.0.1] startup
[15.160s] [ext: omni.anim.curve.core-1.3.1] startup
[15.183s] [ext: omni.kit.manipulator.camera-106.0.4] startup
[15.203s] [ext: isaacsim.gui.property-1.1.3] startup
[15.209s] [ext: isaacsim.sensors.rtx-15.8.4] startup
[15.225s] [ext: omni.kit.stagerecorder.bundle-105.0.2] startup
[15.232s] [ext: omni.kit.property.physx-107.3.26] startup
[15.294s] [ext: omni.physx.demos-107.3.26] startup
[15.333s] [ext: omni.kit.viewport.menubar.camera-107.0.6] startup
[15.348s] [ext: omni.kit.viewport.menubar.lighting-107.3.1] startup
[15.353s] [ext: isaacsim.sensors.physics-0.4.3] startup
[15.367s] [ext: omni.asset_validator.core-1.1.6] startup
[15.482s] [ext: omni.physx.vehicle-107.3.26] startup
[15.515s] [ext: omni.kit.window.toolbar-2.0.0] startup
[15.524s] [ext: omni.kit.viewport.menubar.render-107.0.10] startup
[15.529s] [ext: isaacsim.robot.policy.examples-4.1.11] startup
[15.534s] [ext: omni.physx.asset_validator-107.3.26] startup
[15.554s] [ext: omni.physx.camera-107.3.26] startup
[15.574s] [ext: omni.physx.supportui-107.3.26] startup
[15.593s] [ext: omni.physx.cct-107.3.26] startup
[15.615s] [ext: omni.physx.telemetry-107.3.26] startup
[15.628s] [ext: omni.physx.graph-107.3.26] startup
[15.665s] [ext: omni.kit.viewport.menubar.settings-107.0.3] startup
[15.682s] [ext: omni.ocio-0.1.1] startup
[15.689s] [ext: omni.rtx.window.settings-0.6.19] startup
[15.717s] [ext: omni.kit.window.console-1.1.4] startup
[15.730s] [ext: omni.physx.bundle-107.3.26] startup
[15.732s] [ext: omni.kit.window.script_editor-2.0.1] startup
[15.745s] [ext: omni.replicator.replicator_yaml-2.0.11] startup
[15.753s] [ext: omni.rtx.settings.core-0.6.5] startup
[15.767s] [ext: omni.usd.metrics.assembler.ui-107.3.1] startup
[15.843s] [ext: isaacsim.app.about-2.0.11] startup
[15.854s] [ext: isaacsim.core.throttling-2.2.2] startup
[15.864s] [ext: omni.kit.ui.actions-1.0.5] startup
[15.878s] [ext: semantics.schema.property-2.0.1] startup
[15.884s] [ext: omni.kit.window.status_bar-0.1.9] startup
[15.898s] [ext: isaaclab-0.47.2] startup
[16.213s] [ext: isaaclab_assets-0.2.3] startup
[16.606s] [ext: isaaclab_tasks-0.11.6] startup
[19.181s] [ext: omni.kit.menu.common-2.0.1] startup
[19.186s] [ext: isaaclab_rl-0.4.4] startup
[19.190s] [ext: isaaclab_mimic-1.0.15] startup
[19.192s] [ext: isaaclab.python-2.3.0] startup
[19.197s] Simulation App Starting
2025-12-16T21:53:36Z [19,207ms] [Warning] [gpu.foundation.plugin] Invalid sync scope for buffer resource 'shared swapchain buffer'. Create resource with valid sync scope for lifetime tracking or use kResourceUsageFlagNoSyncScope.
2025-12-16T21:53:36Z [19,208ms] [Warning] [gpu.foundation.plugin] Invalid sync scope for buffer resource 'shared swapchain buffer'. Create resource with valid sync scope for lifetime tracking or use kResourceUsageFlagNoSyncScope.
2025-12-16T21:53:36Z [19,209ms] [Warning] [gpu.foundation.plugin] Invalid sync scope for buffer resource 'shared swapchain buffer'. Create resource with valid sync scope for lifetime tracking or use kResourceUsageFlagNoSyncScope.
2025-12-16T21:53:37Z [19,314ms] [Warning] [omni.kvdb.plugin] Disabling key-value database because another kit process is locking it
2025-12-16T21:53:37Z [19,362ms] [Warning] [omni.fabric.plugin] Warning: attribute viewportHandle not found for bucket id 9

2025-12-16T21:53:37Z [19,448ms] [Warning] [usdrt.population.plugin] [UsdNoticeHandler] Unhandled attribute type VtArray<std::string> (prim attribute: omni:rtx:material:db:flattener:transmittance_color)
2025-12-16T21:53:37Z [19,448ms] [Warning] [usdrt.population.plugin] [UsdNoticeHandler] Unhandled attribute type VtArray<std::string> (prim attribute: omni:rtx:material:db:flattener:ior_constant)
2025-12-16T21:53:37Z [19,448ms] [Warning] [usdrt.population.plugin] [UsdNoticeHandler] Unhandled attribute type VtArray<std::string> (prim attribute: omni:rtx:material:db:flattener:reflection_roughness_constant)
[19.619s] app ready
[ERROR] [1765922023.032563651] [rcl]: Error getting RMW implementation identifier / RMW implementation not installed (expected identifier of 'rmw_fastrtps_cpp'), with error message 'failed to load shared library 'librmw_fastrtps_cpp.so' due to dlopen error: librmw_fastrtps_cpp.so: cannot open shared object file: No such file or directory, at /workspace/humble_ws/src/rcutils/src/shared_library.c:99, at /workspace/humble_ws/src/rmw_implementation/src/functions.cpp:65', exiting with 1., at /workspace/humble_ws/src/rcl/rcl/src/rcl/rmw_implementation_identifier_check.c:139

2025-12-16T21:53:38Z [21,095ms] [Warning] [gpu.foundation.plugin] Invalid sync scope for buffer resource 'shared swapchain buffer'. Create resource with valid sync scope for lifetime tracking or use kResourceUsageFlagNoSyncScope.
2025-12-16T21:53:38Z [21,096ms] [Warning] [gpu.foundation.plugin] Invalid sync scope for buffer resource 'shared swapchain buffer'. Create resource with valid sync scope for lifetime tracking or use kResourceUsageFlagNoSyncScope.
2025-12-16T21:53:38Z [21,097ms] [Warning] [gpu.foundation.plugin] Invalid sync scope for buffer resource 'shared swapchain buffer'. Create resource with valid sync scope for lifetime tracking or use kResourceUsageFlagNoSyncScope.
[24.986s] Simulation App Startup Complete
[25.337s] [ext: isaacsim.ros2.bridge-4.12.4] startup
[25.343s] Using backup internal ROS2 humble distro
[25.363s] To use the internal libraries included with the extension please set the following environment variables to use with FastDDS (default) or CycloneDDS before starting Isaac Sim:

FastDDS (default):
export ROS_DISTRO=humble
export RMW_IMPLEMENTATION=rmw_fastrtps_cpp
export LD_LIBRARY_PATH=$LD_LIBRARY_PATH:/conda/envs/env_isaaclab_py311/lib/python3.11/site-packages/isaacsim/exts/isaacsim.ros2.bridge/humble/lib

OR

CycloneDDS:
export ROS_DISTRO=humble
export RMW_IMPLEMENTATION=rmw_cyclonedds_cpp
export LD_LIBRARY_PATH=$LD_LIBRARY_PATH:/conda/envs/env_isaaclab_py311/lib/python3.11/site-packages/isaacsim/exts/isaacsim.ros2.bridge/humble/lib


2025-12-16T21:53:43Z [25,322ms] [Error] [isaacsim.ros2.bridge.impl.extension] ROS2 Bridge startup failed
[go2_sim] Preloaded libstdc++ from /home/steffan.wolter/.conda/envs/ros2_humble/lib/libstdc++.so.6
[WARN][AppLauncher]: There are no arguments attached to the ArgumentParser object. If you have your own arguments, please load your own arguments before calling the `AppLauncher.add_app_launcher_args` method. This allows the method to check the validity of the arguments and perform checks for argument names.
[INFO][AppLauncher]: Input keyword argument `livestream=1` has overridden the environment variable `LIVESTREAM=0`.
[INFO][AppLauncher]: Using device: cuda:0
[INFO][AppLauncher]: Loading experience file: /conda/envs/env_isaaclab_py311/lib/python3.11/site-packages/isaaclab/apps/isaaclab.python.kit

[2025-12-16 22:53:44,616][ogn_registration][INFO] - Looking for Python nodes to register in omni.physx.fabric-107.3.26
[2025-12-16 22:53:44,616][ogn_registration][INFO] -  -> Registered nodes from module omni.physxfabric at /conda/envs/env_isaaclab_py311/lib/python3.11/site-packages/isaacsim/extscache/omni.physx.fabric-107.3.26+107.3.3.lx64.r.cp311.u353
[2025-12-16 22:53:44,616][ogn_registration][INFO] - Registering nodes in /conda/envs/env_isaaclab_py311/lib/python3.11/site-packages/isaacsim/extscache/omni.physx.fabric-107.3.26+107.3.3.lx64.r.cp311.u353 imported as omni.physxfabric with AutoNode config {}
[2025-12-16 22:53:44,616][ogn_registration][INFO] - Registering Python Node Types from omni.physxfabric at /conda/envs/env_isaaclab_py311/lib/python3.11/site-packages/isaacsim/extscache/omni.physx.fabric-107.3.26+107.3.3.lx64.r.cp311.u353 in omni.physx.fabric
[2025-12-16 22:53:44,616][ogn_registration][INFO] - ========================================================================================================================
[2025-12-16 22:53:44,617][ogn_registration][INFO] - No dependency on omni.graph, therefore no nodes to register in omni.physx.fabric
[2025-12-16 22:53:44,618][ogn_registration][INFO] - ...None found, no registration to do
[2025-12-16 22:53:44,618][ogn_registration][INFO] - ...Skipping: No OmniGraph presence in the module omni.physxfabric - No nodes in this module, do not remember it
[2025-12-16 22:53:44,618][ogn_registration][INFO] - Destroying registration record for omni.physx.fabric
[2025-12-16 22:53:44,618][ogn_registration][INFO] - OGN register omni.physx.fabric-107.3.26 took 2117122.000000
[2025-12-16 22:53:44,777][ogn_registration][INFO] - Looking for Python nodes to deregister in omni.isaac.ros2_bridge-3.0.8
[2025-12-16 22:53:44,778][ogn_registration][INFO] - Deregistered Python nodes in omni.isaac.ros2_bridge-3.0.8
[2025-12-16 22:53:44,778][ogn_registration][INFO] - OGN deregister omni.isaac.ros2_bridge-3.0.8 took 96.12us
[2025-12-16 22:53:45,398][ogn_registration][INFO] - Looking for Python nodes to deregister in isaacsim.ros2.bridge-4.12.4
[2025-12-16 22:53:45,399][ogn_registration][INFO] - Deregistering Python node types in isaacsim.ros2.bridge
[2025-12-16 22:53:45,399][ogn_registration][INFO] -     --> node type OgnROS2RtxLidarHelperDatabase
[2025-12-16 22:53:45,399][ogn_registration][INFO] -     --> node type OgnROS2CameraHelperDatabase
[2025-12-16 22:53:45,399][ogn_registration][INFO] -     --> node type OgnROS2QoSProfileDatabase
[2025-12-16 22:53:45,399][ogn_registration][INFO] -     --> node type OgnROS2CameraInfoHelperDatabase
[2025-12-16 22:53:45,399][ogn_registration][INFO] - Deregistered Python nodes in isaacsim.ros2.bridge-4.12.4
[2025-12-16 22:53:45,399][ogn_registration][INFO] - OGN deregister isaacsim.ros2.bridge-4.12.4 took 683.58us
[26.532s] [ext: omni.isaac.ros2_bridge-3.0.8] startup
2025-12-16T21:53:44Z [26,492ms] [Warning] [omni.isaac.ros2_bridge] omni.isaac.ros2_bridge has been deprecated in favor of isaacsim.ros2.bridge. Please update your code accordingly.
2025-12-16T21:53:44Z [26,878ms] [Warning] [isaaclab.envs.manager_based_env] Seed not set for the environment. The environment creation may not be deterministic.
2025-12-16T21:53:44Z [26,879ms] [Warning] [isaaclab.sim.simulation_context] The `disable_contact_processing` attribute is deprecated and always set to True to avoid unnecessary overhead. Contact processing is automatically enabled when a contact sensor is created, so manual configuration is no longer required.
[26.935s] [ext: omni.physx.fabric-107.3.26] startup
[27.107s] [ext: omni.isaac.ros2_bridge-3.0.8] shutdown
[27.728s] [ext: isaacsim.ros2.bridge-4.12.4] shutdown
2025-12-16T21:53:46Z [28,336ms] [Warning] [omni.ext._impl._internal] isaacsim.ros2.bridge-4.12.4 -> <class 'isaacsim.ros2.bridge.impl.og_shortcuts.og_shortcut_menu.Extension'>: extension object is still alive, something holds a reference on it. References: ["[0]:type: <class 'cell'>, id: 135577391591392"]
2025-12-16T21:53:52Z [34,416ms] [Warning] [omni.hydra] Mesh '/__Prototype_414366223389401716/mesh_0' has corrupted data in primvar 'st': buffer size 6270 doesn't match expected size 25806 in faceVarying primvars
2025-12-16T21:53:52Z [34,416ms] [Warning] [omni.hydra] Mesh '/__Prototype_12553952971420353759/mesh_0' has corrupted data in primvar 'st': buffer size 6270 doesn't match expected size 25806 in faceVarying primvars
2025-12-16T21:53:52Z [34,416ms] [Warning] [omni.hydra] Mesh '/__Prototype_4742628731010295514/mesh_0' has corrupted data in primvar 'st': buffer size 6270 doesn't match expected size 25806 in faceVarying primvars
2025-12-16T21:53:52Z [34,416ms] [Warning] [omni.hydra] Mesh '/__Prototype_5540628962446653724/mesh_0' has corrupted data in primvar 'st': buffer size 6270 doesn't match expected size 25806 in faceVarying primvars
2025-12-16T21:53:52Z [34,416ms] [Warning] [omni.hydra] Mesh '/__Prototype_7462110298915299990/mesh_0' has corrupted data in primvar 'st': buffer size 35124 doesn't match expected size 90378 in faceVarying primvars
2025-12-16T21:53:52Z [34,416ms] [Warning] [omni.hydra] Mesh '/__Prototype_414366223389401716/mesh_0' has corrupted data in primvar 'st_1': buffer size 19536 doesn't match expected size 25806 in faceVarying primvars
2025-12-16T21:53:52Z [34,416ms] [Warning] [omni.hydra] Mesh '/__Prototype_15495429154576615788/mesh_0' has corrupted data in primvar 'st': buffer size 56922 doesn't match expected size 111120 in faceVarying primvars
2025-12-16T21:53:52Z [34,416ms] [Warning] [omni.hydra] Mesh '/__Prototype_12553952971420353759/mesh_0' has corrupted data in primvar 'st_1': buffer size 19536 doesn't match expected size 25806 in faceVarying primvars
2025-12-16T21:53:52Z [34,416ms] [Warning] [omni.hydra] Mesh '/__Prototype_4742628731010295514/mesh_0' has corrupted data in primvar 'st_1': buffer size 19536 doesn't match expected size 25806 in faceVarying primvars
2025-12-16T21:53:52Z [34,416ms] [Warning] [omni.hydra] Mesh '/__Prototype_5540628962446653724/mesh_0' has corrupted data in primvar 'st_1': buffer size 19536 doesn't match expected size 25806 in faceVarying primvars
2025-12-16T21:53:52Z [34,416ms] [Warning] [omni.hydra] Mesh '/__Prototype_7462110298915299990/mesh_0' has corrupted data in primvar 'st_1': buffer size 55254 doesn't match expected size 90378 in faceVarying primvars
2025-12-16T21:53:52Z [34,416ms] [Warning] [omni.hydra] Mesh '/__Prototype_2324527641434286739/mesh_0' has corrupted data in primvar 'st': buffer size 35124 doesn't match expected size 90402 in faceVarying primvars
2025-12-16T21:53:52Z [34,417ms] [Warning] [omni.hydra] Mesh '/__Prototype_2408597215276519306/mesh_0' has corrupted data in primvar 'st': buffer size 35124 doesn't match expected size 90402 in faceVarying primvars
2025-12-16T21:53:52Z [34,417ms] [Warning] [omni.hydra] Mesh '/__Prototype_5571169863827294307/mesh_0' has corrupted data in primvar 'st': buffer size 35124 doesn't match expected size 90378 in faceVarying primvars
2025-12-16T21:53:52Z [34,417ms] [Warning] [omni.hydra] Mesh '/__Prototype_9216576422457066370/mesh_0' has corrupted data in primvar 'st': buffer size 56922 doesn't match expected size 111120 in faceVarying primvars
2025-12-16T21:53:52Z [34,417ms] [Warning] [omni.hydra] Mesh '/__Prototype_3678642271603854022/mesh_0' has corrupted data in primvar 'st': buffer size 56922 doesn't match expected size 111120 in faceVarying primvars
2025-12-16T21:53:52Z [34,417ms] [Warning] [omni.hydra] Mesh '/__Prototype_12730850855715859131/mesh_0' has corrupted data in primvar 'st': buffer size 56922 doesn't match expected size 111120 in faceVarying primvars
2025-12-16T21:53:52Z [34,417ms] [Warning] [omni.hydra] Mesh '/__Prototype_2324527641434286739/mesh_0' has corrupted data in primvar 'st_1': buffer size 55278 doesn't match expected size 90402 in faceVarying primvars
2025-12-16T21:53:52Z [34,417ms] [Warning] [omni.hydra] Mesh '/__Prototype_15495429154576615788/mesh_0' has corrupted data in primvar 'st_1': buffer size 54198 doesn't match expected size 111120 in faceVarying primvars
2025-12-16T21:53:52Z [34,417ms] [Warning] [omni.hydra] Mesh '/__Prototype_2408597215276519306/mesh_0' has corrupted data in primvar 'st_1': buffer size 55278 doesn't match expected size 90402 in faceVarying primvars
2025-12-16T21:53:52Z [34,417ms] [Warning] [omni.hydra] Mesh '/__Prototype_3678642271603854022/mesh_0' has corrupted data in primvar 'st_1': buffer size 54198 doesn't match expected size 111120 in faceVarying primvars
2025-12-16T21:53:52Z [34,417ms] [Warning] [omni.hydra] Mesh '/__Prototype_12730850855715859131/mesh_0' has corrupted data in primvar 'st_1': buffer size 54198 doesn't match expected size 111120 in faceVarying primvars
2025-12-16T21:53:52Z [34,417ms] [Warning] [omni.hydra] Mesh '/__Prototype_1493041454304554926/mesh_0' has corrupted data in primvar 'st': buffer size 178533 doesn't match expected size 233784 in faceVarying primvars
2025-12-16T21:53:52Z [34,417ms] [Warning] [omni.hydra] Mesh '/__Prototype_9216576422457066370/mesh_0' has corrupted data in primvar 'st_1': buffer size 54198 doesn't match expected size 111120 in faceVarying primvars
2025-12-16T21:53:52Z [34,417ms] [Warning] [omni.hydra] Mesh '/__Prototype_1493041454304554926/mesh_0' has corrupted data in primvar 'st_2': buffer size 6015 doesn't match expected size 233784 in faceVarying primvars
2025-12-16T21:53:52Z [34,417ms] [Warning] [omni.hydra] Mesh '/__Prototype_5571169863827294307/mesh_0' has corrupted data in primvar 'st_1': buffer size 55254 doesn't match expected size 90378 in faceVarying primvars
2025-12-16T21:53:52Z [34,418ms] [Warning] [omni.hydra] Mesh '/__Prototype_1493041454304554926/mesh_0' has corrupted data in primvar 'st_1': buffer size 6960 doesn't match expected size 233784 in faceVarying primvars
2025-12-16T21:53:52Z [34,418ms] [Warning] [omni.hydra] Mesh '/__Prototype_1493041454304554926/mesh_0' has corrupted data in primvar 'st_4': buffer size 30390 doesn't match expected size 233784 in faceVarying primvars
2025-12-16T21:53:52Z [34,418ms] [Warning] [omni.hydra] Mesh '/__Prototype_1493041454304554926/mesh_0' has corrupted data in primvar 'st_3': buffer size 11886 doesn't match expected size 233784 in faceVarying primvars
2025-12-16T21:53:52Z [35,095ms] [Warning] [isaaclab.envs.mdp.commands.velocity_command] The velocity command has the 'ranges.heading' attribute set to '(0, 0)' but the heading command is not active. Consider setting the flag for the heading command to True.
2025-12-16T21:53:52Z [35,161ms] [Warning] [isaaclab.sensors.ray_caster.ray_caster] Raycaster attribute 'attach_yaw_only' property will be deprecated in a future release. Please use the parameter 'ray_alignment' instead. Setting ray_alignment to 'yaw'.
2025-12-16T21:53:53Z [35,543ms] [Warning] [omni.physx.fabric.plugin] FabricManager::initializePointInstancer mismatched prototypes on point instancer: /Visuals/Command/velocity_goal.
2025-12-16T21:53:53Z [35,543ms] [Warning] [omni.physx.fabric.plugin] FabricManager::initializePointInstancer mismatched prototypes on point instancer: /Visuals/Command/velocity_current.
2025-12-16T21:53:53Z [35,545ms] [Warning] [isaaclab.sensors.ray_caster.ray_caster] Raycaster attribute 'attach_yaw_only' property will be deprecated in a future release. Please use the parameter 'ray_alignment' instead. Setting ray_alignment to 'yaw'.
2025-12-16T21:53:55Z [38,277ms] [Warning] [isaacsim.sensors.camera.camera] 'verticalAperture' (1.5290800094604493) and 'horizontalAperture' (2.0954999923706055) are inconsistent with the pixel resolution aspect ratio (1.3333333333333333). Setting 'verticalAperture' to 1.571624994277954 to ensure square pixels.
2025-12-16T21:53:56Z [38,407ms] [Warning] [isaaclab.sensors.ray_caster.ray_caster] Raycaster attribute 'attach_yaw_only' property will be deprecated in a future release. Please use the parameter 'ray_alignment' instead. Setting ray_alignment to 'yaw'.
2025-12-16T21:53:56Z [38,776ms] [Warning] [omni.fabric.plugin] USD->Fabric: Unhandled array type string[]
2025-12-16T21:53:56Z [38,807ms] [Warning] [omni.replicator.core.ogn.python.impl.nodes.OgnGetPrims] No prims found with given inputs: /World/GroundPlane
2025-12-16T21:53:56Z [38,954ms] [Warning] [rtx.postprocessing.plugin] DLSS increasing input dimensions: Render resolution of (371, 278) is below minimal input resolution of 300.
2025-12-16T21:53:56Z [39,229ms] [Warning] [omni.sensors.nv.lidar.lidar_core.plugin] MotionBVH for lidar model not enabled. This will result in an incorrect point cloud without motion effects!
2025-12-16T21:53:56Z [39,282ms] [Warning] [omni.syntheticdata.plugin] OgnSdPostRenderVarToHost : rendervar copy from texture directly to host buffer is counter-performant. Please use copy from texture to device buffer first.
2025-12-16T21:53:57Z [39,802ms] [Warning] [omni.physx.fabric.plugin] FabricManager::initializePointInstancer mismatched prototypes on point instancer: /Visuals/Command/velocity_current.
2025-12-16T21:53:57Z [39,802ms] [Warning] [omni.physx.fabric.plugin] FabricManager::initializePointInstancer mismatched prototypes on point instancer: /Visuals/Command/velocity_goal.
2025-12-16T21:53:57Z [39,808ms] [Warning] [omni.timeline.plugin] Deprecated: direct use of ITimeline callbacks is deprecated. Use ITimeline::getTimeline (Python: omni.timeline.get_timeline_interface) instead.
2025-12-16T21:53:57Z [39,873ms] [Warning] [isaaclab.sensors.ray_caster.ray_caster] Raycaster attribute 'attach_yaw_only' property will be deprecated in a future release. Please use the parameter 'ray_alignment' instead. Setting ray_alignment to 'yaw'.
2025-12-16T21:53:57Z [40,028ms] [Warning] [isaaclab.sensors.ray_caster.ray_caster] Raycaster attribute 'attach_yaw_only' property will be deprecated in a future release. Please use the parameter 'ray_alignment' instead. Setting ray_alignment to 'yaw'.
2025-12-16T21:53:57Z [40,143ms] [Warning] [isaaclab.sensors.ray_caster.ray_caster] Raycaster attribute 'attach_yaw_only' property will be deprecated in a future release. Please use the parameter 'ray_alignment' instead. Setting ray_alignment to 'yaw'.
2025-12-16T21:53:57Z [40,277ms] [Warning] [isaaclab.sensors.ray_caster.ray_caster] Raycaster attribute 'attach_yaw_only' property will be deprecated in a future release. Please use the parameter 'ray_alignment' instead. Setting ray_alignment to 'yaw'.
2025-12-16T21:53:58Z [40,401ms] [Warning] [isaaclab.sensors.ray_caster.ray_caster] Raycaster attribute 'attach_yaw_only' property will be deprecated in a future release. Please use the parameter 'ray_alignment' instead. Setting ray_alignment to 'yaw'.
2025-12-16T21:53:58Z [40,518ms] [Warning] [isaaclab.sensors.ray_caster.ray_caster] Raycaster attribute 'attach_yaw_only' property will be deprecated in a future release. Please use the parameter 'ray_alignment' instead. Setting ray_alignment to 'yaw'.
2025-12-16T21:53:58Z [40,636ms] [Warning] [isaaclab.sensors.ray_caster.ray_caster] Raycaster attribute 'attach_yaw_only' property will be deprecated in a future release. Please use the parameter 'ray_alignment' instead. Setting ray_alignment to 'yaw'.
2025-12-16T21:53:58Z [40,762ms] [Warning] [isaaclab.sensors.ray_caster.ray_caster] Raycaster attribute 'attach_yaw_only' property will be deprecated in a future release. Please use the parameter 'ray_alignment' instead. Setting ray_alignment to 'yaw'.
[INFO]: Base environment:
	Environment device    : cuda:0
	Environment seed      : None
	Physics step-size     : 0.005
	Rendering step-size   : 0.025
	Environment step-size : 0.025
[INFO]: Time taken for scene creation : 1.544275 seconds
[INFO]: Scene manager:  <class InteractiveScene>
	Number of environments: 1
	Environment spacing   : 2.0
	Source prim name      : /World/envs/env_0
	Global prim paths     : []
	Replicate physics     : True
[INFO]: Starting the simulation. This may take a few seconds. Please wait...
[INFO]: Time taken for simulation start : 3.027584 seconds
[INFO] Command Manager:  <CommandManager> contains 1 active terms.
+-----------------------------------------------+
|              Active Command Terms             |
+-------+--------------+------------------------+
| Index | Name         |          Type          |
+-------+--------------+------------------------+
|   0   | base_vel_cmd | UniformVelocityCommand |
+-------+--------------+------------------------+

[INFO] Event Manager:  <EventManager> contains 0 active terms.

[INFO] Recorder Manager:  <RecorderManager> contains 0 active terms.
+---------------------+
| Active Recorder Terms |
+-----------+---------+
|   Index   | Name    |
+-----------+---------+
+-----------+---------+

[INFO] Action Manager:  <ActionManager> contains 1 active terms.
+------------------------------------+
|  Active Action Terms (shape: 12)   |
+--------+-------------+-------------+
| Index  | Name        |   Dimension |
+--------+-------------+-------------+
|   0    | joint_pos   |          12 |
+--------+-------------+-------------+

[INFO] Observation Manager: <ObservationManager> contains 1 groups.
+----------------------------------------------------------+
| Active Observation Terms in Group: 'policy' (shape: (235,)) |
+-----------+--------------------------------+-------------+
|   Index   | Name                           |    Shape    |
+-----------+--------------------------------+-------------+
|     0     | base_lin_vel                   |     (3,)    |
|     1     | base_ang_vel                   |     (3,)    |
|     2     | projected_gravity              |     (3,)    |
|     3     | base_vel_cmd                   |     (3,)    |
|     4     | joint_pos                      |    (12,)    |
|     5     | joint_vel                      |    (12,)    |
|     6     | actions                        |    (12,)    |
|     7     | height_scan                    |    (187,)   |
+-----------+--------------------------------+-------------+

[INFO] Termination Manager:  <TerminationManager> contains 0 active terms.
+----------------------------+
|  Active Termination Terms  |
+--------+-------+-----------+
| Index  | Name  |  Time Out |
+--------+-------+-----------+
+--------+-------+-----------+

[INFO] Reward Manager:  <RewardManager> contains 0 active terms.
+-----------------------+
|  Active Reward Terms  |
+-------+------+--------+
| Index | Name | Weight |
+-------+------+--------+
+-------+------+--------+

[INFO] Curriculum Manager:  <CurriculumManager> contains 0 active terms.
+----------------------+
| Active Curriculum Terms |
+-----------+----------+
|   Index   | Name     |
+-----------+----------+
+-----------+----------+

Creating window for environment.
[INFO]: Completed setting up the environment...
--------------------------------------------------------------------------------
Resolved observation sets: 
	 policy :  ['policy']
	 critic :  ['policy']
--------------------------------------------------------------------------------
Actor MLP: MLP(
  (0): Linear(in_features=235, out_features=512, bias=True)
  (1): ELU(alpha=1.0)
  (2): Linear(in_features=512, out_features=256, bias=True)
  (3): ELU(alpha=1.0)
  (4): Linear(in_features=256, out_features=128, bias=True)
  (5): ELU(alpha=1.0)
  (6): Linear(in_features=128, out_features=12, bias=True)
)
Critic MLP: MLP(
  (0): Linear(in_features=235, out_features=512, bias=True)
  (1): ELU(alpha=1.0)
  (2): Linear(in_features=512, out_features=256, bias=True)
  (3): ELU(alpha=1.0)
  (4): Linear(in_features=256, out_features=128, bias=True)
  (5): ELU(alpha=1.0)
  (6): Linear(in_features=128, out_features=1, bias=True)
)
[INFO] Generating terrains randomly took : 1.607970 seconds
[go2_sensors] Using RTX LiDAR annotator: IsaacCreateRTXLidarScanBuffer (config=Example_Rotary_2D)
ROS2 bridge disabled: OmniGraphError: Could not create node using unrecognized type 'isaacsim.ros2.bridge.ROS2PublishClock'. Perhaps the extension 'isaacsim.ros2.bridge' is not loaded?
Step time: 58.26ms, Real Time Factor: 0.43Step time: 62.42ms, Real Time Factor: 0.402025-12-16T21:53:58Z [40,898ms] [Warning] [isaaclab.sensors.ray_caster.ray_caster] Raycaster attribute 'attach_yaw_only' property will be deprecated in a future release. Please use the parameter 'ray_alignment' instead. Setting ray_alignment to 'yaw'.
2025-12-16T21:53:58Z [41,036ms] [Warning] [isaaclab.sensors.ray_caster.ray_caster] Raycaster attribute 'attach_yaw_only' property will be deprecated in a future release. Please use the parameter 'ray_alignment' instead. Setting ray_alignment to 'yaw'.
2025-12-16T21:53:58Z [41,155ms] [Warning] [isaaclab.sensors.ray_caster.ray_caster] Raycaster attribute 'attach_yaw_only' property will be deprecated in a future release. Please use the parameter 'ray_alignment' instead. Setting ray_alignment to 'yaw'.
2025-12-16T21:53:58Z [41,275ms] [Warning] [isaaclab.sensors.ray_caster.ray_caster] Raycaster attribute 'attach_yaw_only' property will be deprecated in a future release. Please use the parameter 'ray_alignment' instead. Setting ray_alignment to 'yaw'.
2025-12-16T21:53:59Z [41,402ms] [Warning] [isaaclab.sensors.ray_caster.ray_caster] Raycaster attribute 'attach_yaw_only' property will be deprecated in a future release. Please use the parameter 'ray_alignment' instead. Setting ray_alignment to 'yaw'.
2025-12-16T21:53:59Z [41,522ms] [Warning] [isaaclab.sensors.ray_caster.ray_caster] Raycaster attribute 'attach_yaw_only' property will be deprecated in a future release. Please use the parameter 'ray_alignment' instead. Setting ray_alignment to 'yaw'.
2025-12-16T21:53:59Z [41,638ms] [Warning] [isaaclab.sensors.ray_caster.ray_caster] Raycaster attribute 'attach_yaw_only' property will be deprecated in a future release. Please use the parameter 'ray_alignment' instead. Setting ray_alignment to 'yaw'.
2025-12-16T21:53:59Z [41,754ms] [Warning] [isaaclab.sensors.ray_caster.ray_caster] Raycaster attribute 'attach_yaw_only' property will be deprecated in a future release. Please use the parameter 'ray_alignment' instead. Setting ray_alignment to 'yaw'.
2025-12-16T21:53:59Z [41,862ms] [Warning] [isaaclab.sensors.ray_caster.ray_caster] Raycaster attribute 'attach_yaw_only' property will be deprecated in a future release. Please use the parameter 'ray_alignment' instead. Setting ray_alignment to 'yaw'.
2025-12-16T21:53:59Z [41,994ms] [Warning] [isaaclab.sensors.ray_caster.ray_caster] Raycaster attribute 'attach_yaw_only' property will be deprecated in a future release. Please use the parameter 'ray_alignment' instead. Setting ray_alignment to 'yaw'.
2025-12-16T21:53:59Z [42,113ms] [Warning] [isaaclab.sensors.ray_caster.ray_caster] Raycaster attribute 'attach_yaw_only' property will be deprecated in a future release. Please use the parameter 'ray_alignment' instead. Setting ray_alignment to 'yaw'.
2025-12-16T21:53:59Z [42,232ms] [Warning] [isaaclab.sensors.ray_caster.ray_caster] Raycaster attribute 'attach_yaw_only' property will be deprecated in a future release. Please use the parameter 'ray_alignment' instead. Setting ray_alignment to 'yaw'.
2025-12-16T21:54:00Z [42,359ms] [Warning] [isaaclab.sensors.ray_caster.ray_caster] Raycaster attribute 'attach_yaw_only' property will be deprecated in a future release. Please use the parameter 'ray_alignment' instead. Setting ray_alignment to 'yaw'.
2025-12-16T21:54:00Z [42,484ms] [Warning] [isaaclab.sensors.ray_caster.ray_caster] Raycaster attribute 'attach_yaw_only' property will be deprecated in a future release. Please use the parameter 'ray_alignment' instead. Setting ray_alignment to 'yaw'.
2025-12-16T21:54:00Z [42,613ms] [Warning] [isaaclab.sensors.ray_caster.ray_caster] Raycaster attribute 'attach_yaw_only' property will be deprecated in a future release. Please use the parameter 'ray_alignment' instead. Setting ray_alignment to 'yaw'.
2025-12-16T21:54:00Z [42,752ms] [Warning] [isaaclab.sensors.ray_caster.ray_caster] Raycaster attribute 'attach_yaw_only' property will be deprecated in a future release. Please use the parameter 'ray_alignment' instead. Setting ray_alignment to 'yaw'.
2025-12-16T21:54:00Z [42,875ms] [Warning] [isaaclab.sensors.ray_caster.ray_caster] Raycaster attribute 'attach_yaw_only' property will be deprecated in a future release. Please use the parameter 'ray_alignment' instead. Setting ray_alignment to 'yaw'.
Step time: 67.32ms, Real Time Factor: 0.37Step time: 56.96ms, Real Time Factor: 0.442025-12-16T21:54:00Z [43,001ms] [Warning] [isaaclab.sensors.ray_caster.ray_caster] Raycaster attribute 'attach_yaw_only' property will be deprecated in a future release. Please use the parameter 'ray_alignment' instead. Setting ray_alignment to 'yaw'.
2025-12-16T21:54:00Z [43,118ms] [Warning] [isaaclab.sensors.ray_caster.ray_caster] Raycaster attribute 'attach_yaw_only' property will be deprecated in a future release. Please use the parameter 'ray_alignment' instead. Setting ray_alignment to 'yaw'.
2025-12-16T21:54:00Z [43,236ms] [Warning] [isaaclab.sensors.ray_caster.ray_caster] Raycaster attribute 'attach_yaw_only' property will be deprecated in a future release. Please use the parameter 'ray_alignment' instead. Setting ray_alignment to 'yaw'.
2025-12-16T21:54:01Z [43,350ms] [Warning] [isaaclab.sensors.ray_caster.ray_caster] Raycaster attribute 'attach_yaw_only' property will be deprecated in a future release. Please use the parameter 'ray_alignment' instead. Setting ray_alignment to 'yaw'.
2025-12-16T21:54:01Z [43,487ms] [Warning] [isaaclab.sensors.ray_caster.ray_caster] Raycaster attribute 'attach_yaw_only' property will be deprecated in a future release. Please use the parameter 'ray_alignment' instead. Setting ray_alignment to 'yaw'.
2025-12-16T21:54:01Z [43,621ms] [Warning] [isaaclab.sensors.ray_caster.ray_caster] Raycaster attribute 'attach_yaw_only' property will be deprecated in a future release. Please use the parameter 'ray_alignment' instead. Setting ray_alignment to 'yaw'.
2025-12-16T21:54:01Z [43,754ms] [Warning] [isaaclab.sensors.ray_caster.ray_caster] Raycaster attribute 'attach_yaw_only' property will be deprecated in a future release. Please use the parameter 'ray_alignment' instead. Setting ray_alignment to 'yaw'.
2025-12-16T21:54:01Z [43,885ms] [Warning] [isaaclab.sensors.ray_caster.ray_caster] Raycaster attribute 'attach_yaw_only' property will be deprecated in a future release. Please use the parameter 'ray_alignment' instead. Setting ray_alignment to 'yaw'.
2025-12-16T21:54:01Z [44,014ms] [Warning] [isaaclab.sensors.ray_caster.ray_caster] Raycaster attribute 'attach_yaw_only' property will be deprecated in a future release. Please use the parameter 'ray_alignment' instead. Setting ray_alignment to 'yaw'.
2025-12-16T21:54:01Z [44,145ms] [Warning] [isaaclab.sensors.ray_caster.ray_caster] Raycaster attribute 'attach_yaw_only' property will be deprecated in a future release. Please use the parameter 'ray_alignment' instead. Setting ray_alignment to 'yaw'.
2025-12-16T21:54:01Z [44,276ms] [Warning] [isaaclab.sensors.ray_caster.ray_caster] Raycaster attribute 'attach_yaw_only' property will be deprecated in a future release. Please use the parameter 'ray_alignment' instead. Setting ray_alignment to 'yaw'.
2025-12-16T21:54:02Z [44,394ms] [Warning] [isaaclab.sensors.ray_caster.ray_caster] Raycaster attribute 'attach_yaw_only' property will be deprecated in a future release. Please use the parameter 'ray_alignment' instead. Setting ray_alignment to 'yaw'.
2025-12-16T21:54:02Z [44,513ms] [Warning] [isaaclab.sensors.ray_caster.ray_caster] Raycaster attribute 'attach_yaw_only' property will be deprecated in a future release. Please use the parameter 'ray_alignment' instead. Setting ray_alignment to 'yaw'.
2025-12-16T21:54:02Z [44,649ms] [Warning] [isaaclab.sensors.ray_caster.ray_caster] Raycaster attribute 'attach_yaw_only' property will be deprecated in a future release. Please use the parameter 'ray_alignment' instead. Setting ray_alignment to 'yaw'.
2025-12-16T21:54:02Z [44,766ms] [Warning] [isaaclab.sensors.ray_caster.ray_caster] Raycaster attribute 'attach_yaw_only' property will be deprecated in a future release. Please use the parameter 'ray_alignment' instead. Setting ray_alignment to 'yaw'.
2025-12-16T21:54:02Z [44,891ms] [Warning] [isaaclab.sensors.ray_caster.ray_caster] Raycaster attribute 'attach_yaw_only' property will be deprecated in a future release. Please use the parameter 'ray_alignment' instead. Setting ray_alignment to 'yaw'.
2025-12-16T21:54:02Z [44,947ms] [Warning] [carb] Client gpu.foundation.plugin has acquired [gpu::unstable::IMemoryBudgetManagerFactory v0.1] 100 times. Consider accessing this interface with carb::getCachedInterface() (Performance warning)
Step time: 65.08ms, Real Time Factor: 0.382025-12-16T21:54:02Z [45,022ms] [Warning] [isaaclab.sensors.ray_caster.ray_caster] Raycaster attribute 'attach_yaw_only' property will be deprecated in a future release. Please use the parameter 'ray_alignment' instead. Setting ray_alignment to 'yaw'.
2025-12-16T21:54:02Z [45,151ms] [Warning] [isaaclab.sensors.ray_caster.ray_caster] Raycaster attribute 'attach_yaw_only' property will be deprecated in a future release. Please use the parameter 'ray_alignment' instead. Setting ray_alignment to 'yaw'.
2025-12-16T21:54:02Z [45,275ms] [Warning] [isaaclab.sensors.ray_caster.ray_caster] Raycaster attribute 'attach_yaw_only' property will be deprecated in a future release. Please use the parameter 'ray_alignment' instead. Setting ray_alignment to 'yaw'.
2025-12-16T21:54:03Z [45,398ms] [Warning] [isaaclab.sensors.ray_caster.ray_caster] Raycaster attribute 'attach_yaw_only' property will be deprecated in a future release. Please use the parameter 'ray_alignment' instead. Setting ray_alignment to 'yaw'.
2025-12-16T21:54:03Z [45,512ms] [Warning] [isaaclab.sensors.ray_caster.ray_caster] Raycaster attribute 'attach_yaw_only' property will be deprecated in a future release. Please use the parameter 'ray_alignment' instead. Setting ray_alignment to 'yaw'.
2025-12-16T21:54:03Z [45,633ms] [Warning] [isaaclab.sensors.ray_caster.ray_caster] Raycaster attribute 'attach_yaw_only' property will be deprecated in a future release. Please use the parameter 'ray_alignment' instead. Setting ray_alignment to 'yaw'.
2025-12-16T21:54:03Z [45,750ms] [Warning] [isaaclab.sensors.ray_caster.ray_caster] Raycaster attribute 'attach_yaw_only' property will be deprecated in a future release. Please use the parameter 'ray_alignment' instead. Setting ray_alignment to 'yaw'.
2025-12-16T21:54:03Z [45,873ms] [Warning] [isaaclab.sensors.ray_caster.ray_caster] Raycaster attribute 'attach_yaw_only' property will be deprecated in a future release. Please use the parameter 'ray_alignment' instead. Setting ray_alignment to 'yaw'.
2025-12-16T21:54:03Z [45,997ms] [Warning] [isaaclab.sensors.ray_caster.ray_caster] Raycaster attribute 'attach_yaw_only' property will be deprecated in a future release. Please use the parameter 'ray_alignment' instead. Setting ray_alignment to 'yaw'.
2025-12-16T21:54:03Z [46,133ms] [Warning] [isaaclab.sensors.ray_caster.ray_caster] Raycaster attribute 'attach_yaw_only' property will be deprecated in a future release. Please use the parameter 'ray_alignment' instead. Setting ray_alignment to 'yaw'.
2025-12-16T21:54:03Z [46,266ms] [Warning] [isaaclab.sensors.ray_caster.ray_caster] Raycaster attribute 'attach_yaw_only' property will be deprecated in a future release. Please use the parameter 'ray_alignment' instead. Setting ray_alignment to 'yaw'.
2025-12-16T21:54:04Z [46,379ms] [Warning] [isaaclab.sensors.ray_caster.ray_caster] Raycaster attribute 'attach_yaw_only' property will be deprecated in a future release. Please use the parameter 'ray_alignment' instead. Setting ray_alignment to 'yaw'.
2025-12-16T21:54:04Z [46,501ms] [Warning] [isaaclab.sensors.ray_caster.ray_caster] Raycaster attribute 'attach_yaw_only' property will be deprecated in a future release. Please use the parameter 'ray_alignment' instead. Setting ray_alignment to 'yaw'.
2025-12-16T21:54:04Z [46,617ms] [Warning] [isaaclab.sensors.ray_caster.ray_caster] Raycaster attribute 'attach_yaw_only' property will be deprecated in a future release. Please use the parameter 'ray_alignment' instead. Setting ray_alignment to 'yaw'.
2025-12-16T21:54:04Z [46,736ms] [Warning] [isaaclab.sensors.ray_caster.ray_caster] Raycaster attribute 'attach_yaw_only' property will be deprecated in a future release. Please use the parameter 'ray_alignment' instead. Setting ray_alignment to 'yaw'.
2025-12-16T21:54:04Z [46,855ms] [Warning] [isaaclab.sensors.ray_caster.ray_caster] Raycaster attribute 'attach_yaw_only' property will be deprecated in a future release. Please use the parameter 'ray_alignment' instead. Setting ray_alignment to 'yaw'.
2025-12-16T21:54:04Z [46,987ms] [Warning] [isaaclab.sensors.ray_caster.ray_caster] Raycaster attribute 'attach_yaw_only' property will be deprecated in a future release. Please use the parameter 'ray_alignment' instead. Setting ray_alignment to 'yaw'.
