2025-12-16T21:53:52Z [34,417ms] [Warning] [omni.hydra] Mesh '/__Prototype_9216576422457066370/mesh_0' has corrupted data in primvar 'st': buffer size 56922 doesn't match expected size 111120 in faceVarying primvars
2025-12-16T21:53:52Z [34,417ms] [Warning] [omni.hydra] Mesh '/__Prototype_3678642271603854022/mesh_0' has corrupted data in primvar 'st': buffer size 56922 doesn't match expected size 111120 in faceVarying primvars
2025-12-16T21:53:52Z [34,417ms] [Warning] [omni.hydra] Mesh '/__Prototype_12730850855715859131/mesh_0' has corrupted data in primvar 'st': buffer size 56922 doesn't match expected size 111120 in faceVarying primvars
2025-12-16T21:53:52Z [34,417ms] [Warning] [omni.hydra] Mesh '/__Prototype_2324527641434286739/mesh_0' has corrupted data in primvar 'st_1': buffer size 55278 doesn't match expected size 90402 in faceVarying primvars
2025-12-16T21:53:52Z [34,417ms] [Warning] [omni.hydra] Mesh '/__Prototype_15495429154576615788/mesh_0' has corrupted data in primvar 'st_1': buffer size 54198 doesn't match expected size 111120 in faceVarying primvars
2025-12-16T21:53:52Z [34,417ms] [Warning] [omni.hydra] Mesh '/__Prototype_2408597215276519306/mesh_0' has corrupted data in primvar 'st_1': buffer size 55278 doesn't match expected size 90402 in faceVarying primvars
2025-12-16T21:53:52Z [34,417ms] [Warning] [omni.hydra] Mesh '/__Prototype_3678642271603854022/mesh_0' has corrupted data in primvar 'st_1': buffer size 54198 doesn't match expected size 111120 in faceVarying primvars
2025-12-16T21:53:52Z [34,417ms] [Warning] [omni.hydra] Mesh '/__Prototype_12730850855715859131/mesh_0' has corrupted data in primvar 'st_1': buffer size 54198 doesn't match expected size 111120 in faceVarying primvars
2025-12-16T21:53:52Z [34,417ms] [Warning] [omni.hydra] Mesh '/__Prototype_1493041454304554926/mesh_0' has corrupted data in primvar 'st': buffer size 178533 doesn't match expected size 233784 in faceVarying primvars
2025-12-16T21:53:52Z [34,417ms] [Warning] [omni.hydra] Mesh '/__Prototype_9216576422457066370/mesh_0' has corrupted data in primvar 'st_1': buffer size 54198 doesn't match expected size 111120 in faceVarying primvars
2025-12-16T21:53:52Z [34,417ms] [Warning] [omni.hydra] Mesh '/__Prototype_1493041454304554926/mesh_0' has corrupted data in primvar 'st_2': buffer size 6015 doesn't match expected size 233784 in faceVarying primvars
2025-12-16T21:53:52Z [34,417ms] [Warning] [omni.hydra] Mesh '/__Prototype_5571169863827294307/mesh_0' has corrupted data in primvar 'st_1': buffer size 55254 doesn't match expected size 90378 in faceVarying primvars
2025-12-16T21:53:52Z [34,418ms] [Warning] [omni.hydra] Mesh '/__Prototype_1493041454304554926/mesh_0' has corrupted data in primvar 'st_1': buffer size 6960 doesn't match expected size 233784 in faceVarying primvars
2025-12-16T21:53:52Z [34,418ms] [Warning] [omni.hydra] Mesh '/__Prototype_1493041454304554926/mesh_0' has corrupted data in primvar 'st_4': buffer size 30390 doesn't match expected size 233784 in faceVarying primvars
2025-12-16T21:53:52Z [34,418ms] [Warning] [omni.hydra] Mesh '/__Prototype_1493041454304554926/mesh_0' has corrupted data in primvar 'st_3': buffer size 11886 doesn't match expected size 233784 in faceVarying primvars
2025-12-16T21:53:52Z [35,095ms] [Warning] [isaaclab.envs.mdp.commands.velocity_command] The velocity command has the 'ranges.heading' attribute set to '(0, 0)' but the heading command is not active. Consider setting the flag for the heading command to True.
2025-12-16T21:53:52Z [35,161ms] [Warning] [isaaclab.sensors.ray_caster.ray_caster] Raycaster attribute 'attach_yaw_only' property will be deprecated in a future release. Please use the parameter 'ray_alignment' instead. Setting ray_alignment to 'yaw'.
2025-12-16T21:53:53Z [35,543ms] [Warning] [omni.physx.fabric.plugin] FabricManager::initializePointInstancer mismatched prototypes on point instancer: /Visuals/Command/velocity_goal.
2025-12-16T21:53:53Z [35,543ms] [Warning] [omni.physx.fabric.plugin] FabricManager::initializePointInstancer mismatched prototypes on point instancer: /Visuals/Command/velocity_current.
2025-12-16T21:53:53Z [35,545ms] [Warning] [isaaclab.sensors.ray_caster.ray_caster] Raycaster attribute 'attach_yaw_only' property will be deprecated in a future release. Please use the parameter 'ray_alignment' instead. Setting ray_alignment to 'yaw'.
2025-12-16T21:53:55Z [38,277ms] [Warning] [isaacsim.sensors.camera.camera] 'verticalAperture' (1.5290800094604493) and 'horizontalAperture' (2.0954999923706055) are inconsistent with the pixel resolution aspect ratio (1.3333333333333333). Setting 'verticalAperture' to 1.571624994277954 to ensure square pixels.
2025-12-16T21:53:56Z [38,407ms] [Warning] [isaaclab.sensors.ray_caster.ray_caster] Raycaster attribute 'attach_yaw_only' property will be deprecated in a future release. Please use the parameter 'ray_alignment' instead. Setting ray_alignment to 'yaw'.
2025-12-16T21:53:56Z [38,776ms] [Warning] [omni.fabric.plugin] USD->Fabric: Unhandled array type string[]
2025-12-16T21:53:56Z [38,807ms] [Warning] [omni.replicator.core.ogn.python.impl.nodes.OgnGetPrims] No prims found with given inputs: /World/GroundPlane
2025-12-16T21:53:56Z [38,954ms] [Warning] [rtx.postprocessing.plugin] DLSS increasing input dimensions: Render resolution of (371, 278) is below minimal input resolution of 300.
2025-12-16T21:53:56Z [39,229ms] [Warning] [omni.sensors.nv.lidar.lidar_core.plugin] MotionBVH for lidar model not enabled. This will result in an incorrect point cloud without motion effects!
2025-12-16T21:53:56Z [39,282ms] [Warning] [omni.syntheticdata.plugin] OgnSdPostRenderVarToHost : rendervar copy from texture directly to host buffer is counter-performant. Please use copy from texture to device buffer first.
2025-12-16T21:53:57Z [39,802ms] [Warning] [omni.physx.fabric.plugin] FabricManager::initializePointInstancer mismatched prototypes on point instancer: /Visuals/Command/velocity_current.
2025-12-16T21:53:57Z [39,802ms] [Warning] [omni.physx.fabric.plugin] FabricManager::initializePointInstancer mismatched prototypes on point instancer: /Visuals/Command/velocity_goal.
2025-12-16T21:53:57Z [39,808ms] [Warning] [omni.timeline.plugin] Deprecated: direct use of ITimeline callbacks is deprecated. Use ITimeline::getTimeline (Python: omni.timeline.get_timeline_interface) instead.
2025-12-16T21:53:57Z [39,873ms] [Warning] [isaaclab.sensors.ray_caster.ray_caster] Raycaster attribute 'attach_yaw_only' property will be deprecated in a future release. Please use the parameter 'ray_alignment' instead. Setting ray_alignment to 'yaw'.
2025-12-16T21:53:57Z [40,028ms] [Warning] [isaaclab.sensors.ray_caster.ray_caster] Raycaster attribute 'attach_yaw_only' property will be deprecated in a future release. Please use the parameter 'ray_alignment' instead. Setting ray_alignment to 'yaw'.
2025-12-16T21:53:57Z [40,143ms] [Warning] [isaaclab.sensors.ray_caster.ray_caster] Raycaster attribute 'attach_yaw_only' property will be deprecated in a future release. Please use the parameter 'ray_alignment' instead. Setting ray_alignment to 'yaw'.
2025-12-16T21:53:57Z [40,277ms] [Warning] [isaaclab.sensors.ray_caster.ray_caster] Raycaster attribute 'attach_yaw_only' property will be deprecated in a future release. Please use the parameter 'ray_alignment' instead. Setting ray_alignment to 'yaw'.
2025-12-16T21:53:58Z [40,401ms] [Warning] [isaaclab.sensors.ray_caster.ray_caster] Raycaster attribute 'attach_yaw_only' property will be deprecated in a future release. Please use the parameter 'ray_alignment' instead. Setting ray_alignment to 'yaw'.
2025-12-16T21:53:58Z [40,518ms] [Warning] [isaaclab.sensors.ray_caster.ray_caster] Raycaster attribute 'attach_yaw_only' property will be deprecated in a future release. Please use the parameter 'ray_alignment' instead. Setting ray_alignment to 'yaw'.
2025-12-16T21:53:58Z [40,636ms] [Warning] [isaaclab.sensors.ray_caster.ray_caster] Raycaster attribute 'attach_yaw_only' property will be deprecated in a future release. Please use the parameter 'ray_alignment' instead. Setting ray_alignment to 'yaw'.
2025-12-16T21:53:58Z [40,762ms] [Warning] [isaaclab.sensors.ray_caster.ray_caster] Raycaster attribute 'attach_yaw_only' property will be deprecated in a future release. Please use the parameter 'ray_alignment' instead. Setting ray_alignment to 'yaw'.
[INFO]: Base environment:
	Environment device    : cuda:0
	Environment seed      : None
	Physics step-size     : 0.005
	Rendering step-size   : 0.025
	Environment step-size : 0.025
[INFO]: Time taken for scene creation : 1.544275 seconds
[INFO]: Scene manager:  <class InteractiveScene>
	Number of environments: 1
	Environment spacing   : 2.0
	Source prim name      : /World/envs/env_0
	Global prim paths     : []
	Replicate physics     : True
[INFO]: Starting the simulation. This may take a few seconds. Please wait...
[INFO]: Time taken for simulation start : 3.027584 seconds
[INFO] Command Manager:  <CommandManager> contains 1 active terms.
+-----------------------------------------------+
|              Active Command Terms             |
+-------+--------------+------------------------+
| Index | Name         |          Type          |
+-------+--------------+------------------------+
|   0   | base_vel_cmd | UniformVelocityCommand |
+-------+--------------+------------------------+

[INFO] Event Manager:  <EventManager> contains 0 active terms.

[INFO] Recorder Manager:  <RecorderManager> contains 0 active terms.
+---------------------+
| Active Recorder Terms |
+-----------+---------+
|   Index   | Name    |
+-----------+---------+
+-----------+---------+

[INFO] Action Manager:  <ActionManager> contains 1 active terms.
+------------------------------------+
|  Active Action Terms (shape: 12)   |
+--------+-------------+-------------+
| Index  | Name        |   Dimension |
+--------+-------------+-------------+
|   0    | joint_pos   |          12 |
+--------+-------------+-------------+

[INFO] Observation Manager: <ObservationManager> contains 1 groups.
+----------------------------------------------------------+
| Active Observation Terms in Group: 'policy' (shape: (235,)) |
+-----------+--------------------------------+-------------+
|   Index   | Name                           |    Shape    |
+-----------+--------------------------------+-------------+
|     0     | base_lin_vel                   |     (3,)    |
|     1     | base_ang_vel                   |     (3,)    |
|     2     | projected_gravity              |     (3,)    |
|     3     | base_vel_cmd                   |     (3,)    |
|     4     | joint_pos                      |    (12,)    |
|     5     | joint_vel                      |    (12,)    |
|     6     | actions                        |    (12,)    |
|     7     | height_scan                    |    (187,)   |
+-----------+--------------------------------+-------------+

[INFO] Termination Manager:  <TerminationManager> contains 0 active terms.
+----------------------------+
|  Active Termination Terms  |
+--------+-------+-----------+
| Index  | Name  |  Time Out |
+--------+-------+-----------+
+--------+-------+-----------+

[INFO] Reward Manager:  <RewardManager> contains 0 active terms.
+-----------------------+
|  Active Reward Terms  |
+-------+------+--------+
| Index | Name | Weight |
+-------+------+--------+
+-------+------+--------+

[INFO] Curriculum Manager:  <CurriculumManager> contains 0 active terms.
+----------------------+
| Active Curriculum Terms |
+-----------+----------+
|   Index   | Name     |
+-----------+----------+
+-----------+----------+

Creating window for environment.
[INFO]: Completed setting up the environment...
--------------------------------------------------------------------------------
Resolved observation sets: 
	 policy :  ['policy']
	 critic :  ['policy']
--------------------------------------------------------------------------------
Actor MLP: MLP(
  (0): Linear(in_features=235, out_features=512, bias=True)
  (1): ELU(alpha=1.0)
  (2): Linear(in_features=512, out_features=256, bias=True)
  (3): ELU(alpha=1.0)
  (4): Linear(in_features=256, out_features=128, bias=True)
  (5): ELU(alpha=1.0)
  (6): Linear(in_features=128, out_features=12, bias=True)
)
Critic MLP: MLP(
  (0): Linear(in_features=235, out_features=512, bias=True)
  (1): ELU(alpha=1.0)
  (2): Linear(in_features=512, out_features=256, bias=True)
  (3): ELU(alpha=1.0)
  (4): Linear(in_features=256, out_features=128, bias=True)
  (5): ELU(alpha=1.0)
  (6): Linear(in_features=128, out_features=1, bias=True)
)
[INFO] Generating terrains randomly took : 1.607970 seconds
[go2_sensors] Using RTX LiDAR annotator: IsaacCreateRTXLidarScanBuffer (config=Example_Rotary_2D)
ROS2 bridge disabled: OmniGraphError: Could not create node using unrecognized type 'isaacsim.ros2.bridge.ROS2PublishClock'. Perhaps the extension 'isaacsim.ros2.bridge' is not loaded?
Step time: 58.26ms, Real Time Factor: 0.43Step time: 62.42ms, Real Time Factor: 0.402025-12-16T21:53:58Z [40,898ms] [Warning] [isaaclab.sensors.ray_caster.ray_caster] Raycaster attribute 'attach_yaw_only' property will be deprecated in a future release. Please use the parameter 'ray_alignment' instead. Setting ray_alignment to 'yaw'.
2025-12-16T21:53:58Z [41,036ms] [Warning] [isaaclab.sensors.ray_caster.ray_caster] Raycaster attribute 'attach_yaw_only' property will be deprecated in a future release. Please use the parameter 'ray_alignment' instead. Setting ray_alignment to 'yaw'.
2025-12-16T21:53:58Z [41,155ms] [Warning] [isaaclab.sensors.ray_caster.ray_caster] Raycaster attribute 'attach_yaw_only' property will be deprecated in a future release. Please use the parameter 'ray_alignment' instead. Setting ray_alignment to 'yaw'.
2025-12-16T21:53:58Z [41,275ms] [Warning] [isaaclab.sensors.ray_caster.ray_caster] Raycaster attribute 'attach_yaw_only' property will be deprecated in a future release. Please use the parameter 'ray_alignment' instead. Setting ray_alignment to 'yaw'.
2025-12-16T21:53:59Z [41,402ms] [Warning] [isaaclab.sensors.ray_caster.ray_caster] Raycaster attribute 'attach_yaw_only' property will be deprecated in a future release. Please use the parameter 'ray_alignment' instead. Setting ray_alignment to 'yaw'.
2025-12-16T21:53:59Z [41,522ms] [Warning] [isaaclab.sensors.ray_caster.ray_caster] Raycaster attribute 'attach_yaw_only' property will be deprecated in a future release. Please use the parameter 'ray_alignment' instead. Setting ray_alignment to 'yaw'.
2025-12-16T21:53:59Z [41,638ms] [Warning] [isaaclab.sensors.ray_caster.ray_caster] Raycaster attribute 'attach_yaw_only' property will be deprecated in a future release. Please use the parameter 'ray_alignment' instead. Setting ray_alignment to 'yaw'.
2025-12-16T21:53:59Z [41,754ms] [Warning] [isaaclab.sensors.ray_caster.ray_caster] Raycaster attribute 'attach_yaw_only' property will be deprecated in a future release. Please use the parameter 'ray_alignment' instead. Setting ray_alignment to 'yaw'.
2025-12-16T21:53:59Z [41,862ms] [Warning] [isaaclab.sensors.ray_caster.ray_caster] Raycaster attribute 'attach_yaw_only' property will be deprecated in a future release. Please use the parameter 'ray_alignment' instead. Setting ray_alignment to 'yaw'.
2025-12-16T21:53:59Z [41,994ms] [Warning] [isaaclab.sensors.ray_caster.ray_caster] Raycaster attribute 'attach_yaw_only' property will be deprecated in a future release. Please use the parameter 'ray_alignment' instead. Setting ray_alignment to 'yaw'.
2025-12-16T21:53:59Z [42,113ms] [Warning] [isaaclab.sensors.ray_caster.ray_caster] Raycaster attribute 'attach_yaw_only' property will be deprecated in a future release. Please use the parameter 'ray_alignment' instead. Setting ray_alignment to 'yaw'.
2025-12-16T21:53:59Z [42,232ms] [Warning] [isaaclab.sensors.ray_caster.ray_caster] Raycaster attribute 'attach_yaw_only' property will be deprecated in a future release. Please use the parameter 'ray_alignment' instead. Setting ray_alignment to 'yaw'.
2025-12-16T21:54:00Z [42,359ms] [Warning] [isaaclab.sensors.ray_caster.ray_caster] Raycaster attribute 'attach_yaw_only' property will be deprecated in a future release. Please use the parameter 'ray_alignment' instead. Setting ray_alignment to 'yaw'.
2025-12-16T21:54:00Z [42,484ms] [Warning] [isaaclab.sensors.ray_caster.ray_caster] Raycaster attribute 'attach_yaw_only' property will be deprecated in a future release. Please use the parameter 'ray_alignment' instead. Setting ray_alignment to 'yaw'.
2025-12-16T21:54:00Z [42,613ms] [Warning] [isaaclab.sensors.ray_caster.ray_caster] Raycaster attribute 'attach_yaw_only' property will be deprecated in a future release. Please use the parameter 'ray_alignment' instead. Setting ray_alignment to 'yaw'.
2025-12-16T21:54:00Z [42,752ms] [Warning] [isaaclab.sensors.ray_caster.ray_caster] Raycaster attribute 'attach_yaw_only' property will be deprecated in a future release. Please use the parameter 'ray_alignment' instead. Setting ray_alignment to 'yaw'.
2025-12-16T21:54:00Z [42,875ms] [Warning] [isaaclab.sensors.ray_caster.ray_caster] Raycaster attribute 'attach_yaw_only' property will be deprecated in a future release. Please use the parameter 'ray_alignment' instead. Setting ray_alignment to 'yaw'.
Step time: 67.32ms, Real Time Factor: 0.37Step time: 56.96ms, Real Time Factor: 0.442025-12-16T21:54:00Z [43,001ms] [Warning] [isaaclab.sensors.ray_caster.ray_caster] Raycaster attribute 'attach_yaw_only' property will be deprecated in a future release. Please use the parameter 'ray_alignment' instead. Setting ray_alignment to 'yaw'.
2025-12-16T21:54:00Z [43,118ms] [Warning] [isaaclab.sensors.ray_caster.ray_caster] Raycaster attribute 'attach_yaw_only' property will be deprecated in a future release. Please use the parameter 'ray_alignment' instead. Setting ray_alignment to 'yaw'.
2025-12-16T21:54:00Z [43,236ms] [Warning] [isaaclab.sensors.ray_caster.ray_caster] Raycaster attribute 'attach_yaw_only' property will be deprecated in a future release. Please use the parameter 'ray_alignment' instead. Setting ray_alignment to 'yaw'.
2025-12-16T21:54:01Z [43,350ms] [Warning] [isaaclab.sensors.ray_caster.ray_caster] Raycaster attribute 'attach_yaw_only' property will be deprecated in a future release. Please use the parameter 'ray_alignment' instead. Setting ray_alignment to 'yaw'.
2025-12-16T21:54:01Z [43,487ms] [Warning] [isaaclab.sensors.ray_caster.ray_caster] Raycaster attribute 'attach_yaw_only' property will be deprecated in a future release. Please use the parameter 'ray_alignment' instead. Setting ray_alignment to 'yaw'.
2025-12-16T21:54:01Z [43,621ms] [Warning] [isaaclab.sensors.ray_caster.ray_caster] Raycaster attribute 'attach_yaw_only' property will be deprecated in a future release. Please use the parameter 'ray_alignment' instead. Setting ray_alignment to 'yaw'.
2025-12-16T21:54:01Z [43,754ms] [Warning] [isaaclab.sensors.ray_caster.ray_caster] Raycaster attribute 'attach_yaw_only' property will be deprecated in a future release. Please use the parameter 'ray_alignment' instead. Setting ray_alignment to 'yaw'.
2025-12-16T21:54:01Z [43,885ms] [Warning] [isaaclab.sensors.ray_caster.ray_caster] Raycaster attribute 'attach_yaw_only' property will be deprecated in a future release. Please use the parameter 'ray_alignment' instead. Setting ray_alignment to 'yaw'.
2025-12-16T21:54:01Z [44,014ms] [Warning] [isaaclab.sensors.ray_caster.ray_caster] Raycaster attribute 'attach_yaw_only' property will be deprecated in a future release. Please use the parameter 'ray_alignment' instead. Setting ray_alignment to 'yaw'.
2025-12-16T21:54:01Z [44,145ms] [Warning] [isaaclab.sensors.ray_caster.ray_caster] Raycaster attribute 'attach_yaw_only' property will be deprecated in a future release. Please use the parameter 'ray_alignment' instead. Setting ray_alignment to 'yaw'.
2025-12-16T21:54:01Z [44,276ms] [Warning] [isaaclab.sensors.ray_caster.ray_caster] Raycaster attribute 'attach_yaw_only' property will be deprecated in a future release. Please use the parameter 'ray_alignment' instead. Setting ray_alignment to 'yaw'.
2025-12-16T21:54:02Z [44,394ms] [Warning] [isaaclab.sensors.ray_caster.ray_caster] Raycaster attribute 'attach_yaw_only' property will be deprecated in a future release. Please use the parameter 'ray_alignment' instead. Setting ray_alignment to 'yaw'.
2025-12-16T21:54:02Z [44,513ms] [Warning] [isaaclab.sensors.ray_caster.ray_caster] Raycaster attribute 'attach_yaw_only' property will be deprecated in a future release. Please use the parameter 'ray_alignment' instead. Setting ray_alignment to 'yaw'.
2025-12-16T21:54:02Z [44,649ms] [Warning] [isaaclab.sensors.ray_caster.ray_caster] Raycaster attribute 'attach_yaw_only' property will be deprecated in a future release. Please use the parameter 'ray_alignment' instead. Setting ray_alignment to 'yaw'.
2025-12-16T21:54:02Z [44,766ms] [Warning] [isaaclab.sensors.ray_caster.ray_caster] Raycaster attribute 'attach_yaw_only' property will be deprecated in a future release. Please use the parameter 'ray_alignment' instead. Setting ray_alignment to 'yaw'.
2025-12-16T21:54:02Z [44,891ms] [Warning] [isaaclab.sensors.ray_caster.ray_caster] Raycaster attribute 'attach_yaw_only' property will be deprecated in a future release. Please use the parameter 'ray_alignment' instead. Setting ray_alignment to 'yaw'.
2025-12-16T21:54:02Z [44,947ms] [Warning] [carb] Client gpu.foundation.plugin has acquired [gpu::unstable::IMemoryBudgetManagerFactory v0.1] 100 times. Consider accessing this interface with carb::getCachedInterface() (Performance warning)
Step time: 65.08ms, Real Time Factor: 0.382025-12-16T21:54:02Z [45,022ms] [Warning] [isaaclab.sensors.ray_caster.ray_caster] Raycaster attribute 'attach_yaw_only' property will be deprecated in a future release. Please use the parameter 'ray_alignment' instead. Setting ray_alignment to 'yaw'.
2025-12-16T21:54:02Z [45,151ms] [Warning] [isaaclab.sensors.ray_caster.ray_caster] Raycaster attribute 'attach_yaw_only' property will be deprecated in a future release. Please use the parameter 'ray_alignment' instead. Setting ray_alignment to 'yaw'.
2025-12-16T21:54:02Z [45,275ms] [Warning] [isaaclab.sensors.ray_caster.ray_caster] Raycaster attribute 'attach_yaw_only' property will be deprecated in a future release. Please use the parameter 'ray_alignment' instead. Setting ray_alignment to 'yaw'.
2025-12-16T21:54:03Z [45,398ms] [Warning] [isaaclab.sensors.ray_caster.ray_caster] Raycaster attribute 'attach_yaw_only' property will be deprecated in a future release. Please use the parameter 'ray_alignment' instead. Setting ray_alignment to 'yaw'.
2025-12-16T21:54:03Z [45,512ms] [Warning] [isaaclab.sensors.ray_caster.ray_caster] Raycaster attribute 'attach_yaw_only' property will be deprecated in a future release. Please use the parameter 'ray_alignment' instead. Setting ray_alignment to 'yaw'.
2025-12-16T21:54:03Z [45,633ms] [Warning] [isaaclab.sensors.ray_caster.ray_caster] Raycaster attribute 'attach_yaw_only' property will be deprecated in a future release. Please use the parameter 'ray_alignment' instead. Setting ray_alignment to 'yaw'.
2025-12-16T21:54:03Z [45,750ms] [Warning] [isaaclab.sensors.ray_caster.ray_caster] Raycaster attribute 'attach_yaw_only' property will be deprecated in a future release. Please use the parameter 'ray_alignment' instead. Setting ray_alignment to 'yaw'.
2025-12-16T21:54:03Z [45,873ms] [Warning] [isaaclab.sensors.ray_caster.ray_caster] Raycaster attribute 'attach_yaw_only' property will be deprecated in a future release. Please use the parameter 'ray_alignment' instead. Setting ray_alignment to 'yaw'.
2025-12-16T21:54:03Z [45,997ms] [Warning] [isaaclab.sensors.ray_caster.ray_caster] Raycaster attribute 'attach_yaw_only' property will be deprecated in a future release. Please use the parameter 'ray_alignment' instead. Setting ray_alignment to 'yaw'.
2025-12-16T21:54:03Z [46,133ms] [Warning] [isaaclab.sensors.ray_caster.ray_caster] Raycaster attribute 'attach_yaw_only' property will be deprecated in a future release. Please use the parameter 'ray_alignment' instead. Setting ray_alignment to 'yaw'.
2025-12-16T21:54:03Z [46,266ms] [Warning] [isaaclab.sensors.ray_caster.ray_caster] Raycaster attribute 'attach_yaw_only' property will be deprecated in a future release. Please use the parameter 'ray_alignment' instead. Setting ray_alignment to 'yaw'.
2025-12-16T21:54:04Z [46,379ms] [Warning] [isaaclab.sensors.ray_caster.ray_caster] Raycaster attribute 'attach_yaw_only' property will be deprecated in a future release. Please use the parameter 'ray_alignment' instead. Setting ray_alignment to 'yaw'.
2025-12-16T21:54:04Z [46,501ms] [Warning] [isaaclab.sensors.ray_caster.ray_caster] Raycaster attribute 'attach_yaw_only' property will be deprecated in a future release. Please use the parameter 'ray_alignment' instead. Setting ray_alignment to 'yaw'.
2025-12-16T21:54:04Z [46,617ms] [Warning] [isaaclab.sensors.ray_caster.ray_caster] Raycaster attribute 'attach_yaw_only' property will be deprecated in a future release. Please use the parameter 'ray_alignment' instead. Setting ray_alignment to 'yaw'.
2025-12-16T21:54:04Z [46,736ms] [Warning] [isaaclab.sensors.ray_caster.ray_caster] Raycaster attribute 'attach_yaw_only' property will be deprecated in a future release. Please use the parameter 'ray_alignment' instead. Setting ray_alignment to 'yaw'.
2025-12-16T21:54:04Z [46,855ms] [Warning] [isaaclab.sensors.ray_caster.ray_caster] Raycaster attribute 'attach_yaw_only' property will be deprecated in a future release. Please use the parameter 'ray_alignment' instead. Setting ray_alignment to 'yaw'.
2025-12-16T21:54:04Z [46,987ms] [Warning] [isaaclab.sensors.ray_caster.ray_caster] Raycaster attribute 'attach_yaw_only' property will be deprecated in a future release. Please use the parameter 'ray_alignment' instead. Setting ray_alignment to 'yaw'.
